TimetableView/build/outputs/logs/manifest-merger-debug-report.txt
-- Merging decision tree log ---
manifest
ADDED from YourCollege\TimetableView\AndroidManifest.xml:2:1-10:12
INJECTED from YourCollege\TimetableView\AndroidManifest.xml:2:1-10:12
INJECTED from YourCollege\TimetableView\AndroidManifest.xml:2:1-10:12
INJECTED from YourCollege\TimetableView\AndroidManifest.xml:2:1-10:12
INJECTED from YourCollege\TimetableView\AndroidManifest.xml:2:1-10:12
INJECTED from YourCollege\TimetableView\AndroidManifest.xml:2:1-10:12
INJECTED from YourCollege\TimetableView\AndroidManifest.xml:2:1-10:12
	package
		ADDED from YourCollege\TimetableView\AndroidManifest.xml:3:5-57
		INJECTED from YourCollege\TimetableView\AndroidManifest.xml
		INJECTED from YourCollege\TimetableView\AndroidManifest.xml
	android:versionName
		ADDED from YourCollege\TimetableView\AndroidManifest.xml:5:5-30
		INJECTED from YourCollege\TimetableView\AndroidManifest.xml
		INJECTED from YourCollege\TimetableView\AndroidManifest.xml
	xmlns:android
		ADDED from YourCollege\TimetableView\AndroidManifest.xml:2:11-69
	android:versionCode
		ADDED from YourCollege\TimetableView\AndroidManifest.xml:4:5-28
		INJECTED from YourCollege\TimetableView\AndroidManifest.xml
		INJECTED from YourCollege\TimetableView\AndroidManifest.xml
uses-sdk
ADDED from YourCollege\TimetableView\AndroidManifest.xml:7:5-9:41
	android:targetSdkVersion
		ADDED from YourCollege\TimetableView\AndroidManifest.xml:9:9-38
	android:minSdkVersion
		ADDED from YourCollege\TimetableView\AndroidManifest.xml:8:9-35